<?xml version="1.0" encoding="UTF-8"?>
<testsuite xmlns:xsi="http://www.w3.org/2001/XMLSchema-instance" xsi:noNamespaceSchemaLocation="https://maven.apache.org/surefire/maven-surefire-plugin/xsd/surefire-test-report.xsd" name="com.unisys.verfuture.Verfuture_TestSuite" time="25.893" tests="17" errors="0" skipped="0" failures="0">
  <properties>
[...]
</properties>
  <testcase name="Given User  is on home page" classname="Scenario: Employee should be able to submit a form" time="0.009"/>
  <testcase name="When click on FormsPage" classname="Scenario: Employee should be able to submit a form" time="0.004"/>
  <testcase name="Then FormsPage gets opened" classname="Scenario: Employee should be able to submit a form" time="0.01"/>
  <testcase name="Then User clicks I9FormLink" classname="Scenario: Employee should be able to submit a form" time="0.003"/>
  <testcase name="Then user can fill the form with name &quot;sample_nm&quot;,alias_Name &quot;aliasNm&quot;,date_of_birth &quot;20071989&quot; ,current_addr &quot;1234&quot;and status &quot;Visa&quot;" classname="Scenario: Employee should be able to submit a form" time="0"/>
  <testcase name="And user should be able to enter alienno &quot;a1234&quot;" classname="Scenario: Employee should be able to submit a form" time="0"/>
  <testcase name="Then click on submit button" classname="Scenario: Employee should be able to submit a form" time="0.002"/>
  <testcase name="Scenario: Employee should be able to submit a form" classname="Scenario: Employee should be able to submit a form" time="0.14"/>
  <testcase name="Given User  is on home page" classname="Scenario: Employee should be able to edit the form" time="0"/>
  <testcase name="When click on FormsPage" classname="Scenario: Employee should be able to edit the form" time="0.001"/>
  <testcase name="Then FormsPage gets opened" classname="Scenario: Employee should be able to edit the form" time="0.005"/>
  <testcase name="Then User clicks FindI9FormPageLink" classname="Scenario: Employee should be able to edit the form" time="0"/>
  <testcase name="Then User enters formid &quot;1234&quot;" classname="Scenario: Employee should be able to edit the form" time="0"/>
  <testcase name="And clicks on submit button" classname="Scenario: Employee should be able to edit the form" time="0"/>
  <testcase name="Then form details get displayed" classname="Scenario: Employee should be able to edit the form" time="0.001"/>
  <testcase name="Then close the browser" classname="Scenario: Employee should be able to edit the form" time="0.004"/>
  <testcase name="Scenario: Employee should be able to edit the form" classname="Scenario: Employee should be able to edit the form" time="0.028"/>
</testsuite>